<?xml version="1.0" encoding="UTF-8"?>
<Site BuildName="(empty)"
	BuildStamp="20250421-0726-Experimental"
	Name="dinh-ThinkPad-P15-Gen-1"
	Generator="ctest-3.16.3"
	CompilerName="/usr/bin/c++"
	CompilerVersion="9.4.0"
	OSName="Linux"
	Hostname="dinh-ThinkPad-P15-Gen-1"
	OSRelease="5.15.0-136-generic"
	OSVersion="#147~20.04.1-Ubuntu SMP Wed Mar 19 16:13:14 UTC 2025"
	OSPlatform="x86_64"
	Is64Bits="1"
	VendorString="GenuineIntel"
	VendorID="Intel Corporation"
	FamilyID="6"
	ModelID="165"
	ProcessorCacheSize="12288"
	NumberOfLogicalCPU="12"
	NumberOfPhysicalCPU="6"
	TotalVirtualMemory="2047"
	TotalPhysicalMemory="31718"
	LogicalProcessorsPerPhysical="2"
	ProcessorClockFrequency="1582.17"
	>
	<Testing>
		<StartDateTime>Apr 21 17:26 AEST</StartDateTime>
		<StartTestTime>1745220386</StartTestTime>
		<TestList/>
		<EndDateTime>Apr 21 17:26 AEST</EndDateTime>
		<EndTestTime>1745220386</EndTestTime>
		<ElapsedMinutes>0</ElapsedMinutes>
	</Testing>
</Site>
