<?xml version="1.0" encoding="UTF-8"?>
<Site BuildName="(empty)"
	BuildStamp="20250514-0308-Experimental"
	Name="dinh-ThinkPad-P15-Gen-1"
	Generator="ctest-3.16.3"
	CompilerName="/usr/bin/c++"
	CompilerVersion="9.4.0"
	OSName="Linux"
	Hostname="dinh-ThinkPad-P15-Gen-1"
	OSRelease="5.15.0-139-generic"
	OSVersion="#149~20.04.1-Ubuntu SMP Wed Apr 16 08:29:56 UTC 2025"
	OSPlatform="x86_64"
	Is64Bits="1"
	VendorString="GenuineIntel"
	VendorID="Intel Corporation"
	FamilyID="6"
	ModelID="165"
	ProcessorCacheSize="12288"
	NumberOfLogicalCPU="12"
	NumberOfPhysicalCPU="6"
	TotalVirtualMemory="2047"
	TotalPhysicalMemory="31718"
	LogicalProcessorsPerPhysical="2"
	ProcessorClockFrequency="3283.6"
	>
	<Testing>
		<StartDateTime>May 14 13:08 AEST</StartDateTime>
		<StartTestTime>1747192087</StartTestTime>
		<TestList/>
		<EndDateTime>May 14 13:08 AEST</EndDateTime>
		<EndTestTime>1747192087</EndTestTime>
		<ElapsedMinutes>0</ElapsedMinutes>
	</Testing>
</Site>
